0 info it worked if it ends with ok
1 verbose cli [ 'node', '/usr/local/bin/npm', 'install', '--global', 'babel' ]
2 info using npm@1.4.28
3 info using node@v0.10.36
4 verbose cache add [ 'babel', null ]
5 verbose cache add name=undefined spec="babel" args=["babel",null]
6 verbose parsed url { protocol: null,
6 verbose parsed url   slashes: null,
6 verbose parsed url   auth: null,
6 verbose parsed url   host: null,
6 verbose parsed url   port: null,
6 verbose parsed url   hostname: null,
6 verbose parsed url   hash: null,
6 verbose parsed url   search: null,
6 verbose parsed url   query: null,
6 verbose parsed url   pathname: 'babel',
6 verbose parsed url   path: 'babel',
6 verbose parsed url   href: 'babel' }
7 silly lockFile cad160f3-babel babel
8 verbose lock babel /Users/denglei/.npm/cad160f3-babel.lock
9 silly lockFile cad160f3-babel babel
10 silly lockFile cad160f3-babel babel
11 verbose addNamed [ 'babel', '' ]
12 verbose addNamed [ null, '*' ]
13 silly lockFile 8d1f9cea-babel babel@
14 verbose lock babel@ /Users/denglei/.npm/8d1f9cea-babel.lock
15 silly addNameRange { name: 'babel', range: '*', hasData: false }
16 verbose request where is /babel
17 verbose request registry https://registry.npmjs.org/
18 verbose request id ca6b13f95b59b2bc
19 verbose url raw /babel
20 verbose url resolving [ 'https://registry.npmjs.org/', './babel' ]
21 verbose url resolved https://registry.npmjs.org/babel
22 verbose request where is https://registry.npmjs.org/babel
23 info trying registry request attempt 1 at 16:38:27
24 http GET https://registry.npmjs.org/babel
25 http 200 https://registry.npmjs.org/babel
26 silly registry.get cb [ 200,
26 silly registry.get   { server: 'CouchDB/1.5.0 (Erlang OTP/R16B03)',
26 silly registry.get     etag: '"2VLVT0S7L3CH4VTLQ9G4VOHCM"',
26 silly registry.get     'content-type': 'application/json',
26 silly registry.get     'cache-control': 'max-age=60',
26 silly registry.get     'content-length': '193748',
26 silly registry.get     'accept-ranges': 'bytes',
26 silly registry.get     date: 'Sun, 28 Jun 2015 08:38:28 GMT',
26 silly registry.get     via: '1.1 varnish',
26 silly registry.get     age: '0',
26 silly registry.get     connection: 'keep-alive',
26 silly registry.get     'x-served-by': 'cache-nrt6122-NRT',
26 silly registry.get     'x-cache': 'MISS',
26 silly registry.get     'x-cache-hits': '0',
26 silly registry.get     'x-timer': 'S1435480708.479595,VS0,VE508',
26 silly registry.get     vary: 'Accept' } ]
27 silly addNameRange number 2 { name: 'babel', range: '*', hasData: true }
28 silly addNameRange versions [ 'babel',
28 silly addNameRange   [ '0.0.1',
28 silly addNameRange     '4.0.1',
28 silly addNameRange     '4.0.2',
28 silly addNameRange     '4.1.1',
28 silly addNameRange     '4.2.0',
28 silly addNameRange     '4.2.1',
28 silly addNameRange     '4.3.0',
28 silly addNameRange     '4.4.1',
28 silly addNameRange     '4.4.2',
28 silly addNameRange     '4.4.3',
28 silly addNameRange     '4.4.4',
28 silly addNameRange     '4.4.5',
28 silly addNameRange     '4.4.6',
28 silly addNameRange     '4.5.0',
28 silly addNameRange     '4.5.1',
28 silly addNameRange     '4.5.2',
28 silly addNameRange     '4.5.3',
28 silly addNameRange     '4.5.4',
28 silly addNameRange     '4.5.5',
28 silly addNameRange     '4.6.0',
28 silly addNameRange     '4.6.1',
28 silly addNameRange     '4.6.3',
28 silly addNameRange     '4.6.4',
28 silly addNameRange     '4.6.5',
28 silly addNameRange     '4.6.6',
28 silly addNameRange     '4.7.0',
28 silly addNameRange     '4.7.1',
28 silly addNameRange     '4.7.2',
28 silly addNameRange     '4.7.3',
28 silly addNameRange     '4.7.4',
28 silly addNameRange     '4.7.5',
28 silly addNameRange     '4.7.6',
28 silly addNameRange     '4.7.7',
28 silly addNameRange     '4.7.8',
28 silly addNameRange     '4.7.9',
28 silly addNameRange     '4.7.10',
28 silly addNameRange     '4.7.11',
28 silly addNameRange     '4.7.12',
28 silly addNameRange     '4.7.13',
28 silly addNameRange     '4.7.14',
28 silly addNameRange     '4.7.15',
28 silly addNameRange     '4.7.16',
28 silly addNameRange     '5.0.0-beta2',
28 silly addNameRange     '5.0.0-beta3',
28 silly addNameRange     '5.0.0-beta4',
28 silly addNameRange     '5.0.0',
28 silly addNameRange     '5.0.1',
28 silly addNameRange     '5.0.2',
28 silly addNameRange     '5.0.3',
28 silly addNameRange     '5.0.4',
28 silly addNameRange     '5.0.5',
28 silly addNameRange     '5.0.6',
28 silly addNameRange     '5.0.7',
28 silly addNameRange     '5.0.8',
28 silly addNameRange     '5.0.9',
28 silly addNameRange     '5.0.10',
28 silly addNameRange     '5.0.11',
28 silly addNameRange     '5.0.12',
28 silly addNameRange     '5.0.13',
28 silly addNameRange     '5.1.0',
28 silly addNameRange     '5.1.1',
28 silly addNameRange     '5.1.2',
28 silly addNameRange     '5.1.3',
28 silly addNameRange     '5.1.4',
28 silly addNameRange     '5.1.5',
28 silly addNameRange     '5.1.6',
28 silly addNameRange     '5.1.7',
28 silly addNameRange     '5.1.8',
28 silly addNameRange     '5.1.9',
28 silly addNameRange     '5.1.10',
28 silly addNameRange     '5.1.11',
28 silly addNameRange     '5.1.12',
28 silly addNameRange     '5.1.13',
28 silly addNameRange     '5.2.0',
28 silly addNameRange     '5.2.1',
28 silly addNameRange     '5.2.2',
28 silly addNameRange     '5.2.3',
28 silly addNameRange     '5.2.4',
28 silly addNameRange     '5.2.5',
28 silly addNameRange     '5.2.6',
28 silly addNameRange     '5.2.7',
28 silly addNameRange     '5.2.9',
28 silly addNameRange     '5.2.10',
28 silly addNameRange     '5.2.11',
28 silly addNameRange     '5.2.12',
28 silly addNameRange     '5.2.13',
28 silly addNameRange     '5.2.14',
28 silly addNameRange     '5.2.15',
28 silly addNameRange     '5.2.16',
28 silly addNameRange     '5.2.17',
28 silly addNameRange     '5.3.0',
28 silly addNameRange     '5.3.1',
28 silly addNameRange     '5.3.2',
28 silly addNameRange     '5.3.3',
28 silly addNameRange     '5.4.0',
28 silly addNameRange     '5.4.1',
28 silly addNameRange     '5.4.2',
28 silly addNameRange     '5.4.3',
28 silly addNameRange     '5.4.4',
28 silly addNameRange     '5.4.5',
28 silly addNameRange     '5.4.6',
28 silly addNameRange     '5.4.7',
28 silly addNameRange     '5.5.0',
28 silly addNameRange     '5.5.1',
28 silly addNameRange     '5.5.2',
28 silly addNameRange     '5.5.3',
28 silly addNameRange     '5.5.4',
28 silly addNameRange     '5.5.5',
28 silly addNameRange     '5.5.6',
28 silly addNameRange     '5.5.7',
28 silly addNameRange     '5.5.8',
28 silly addNameRange     '5.6.1',
28 silly addNameRange     '5.6.2',
28 silly addNameRange     '5.6.3',
28 silly addNameRange     '5.6.4',
28 silly addNameRange     '5.6.5',
28 silly addNameRange     '5.6.6',
28 silly addNameRange     '5.6.7',
28 silly addNameRange     '5.6.10',
28 silly addNameRange     '5.6.11',
28 silly addNameRange     '5.6.12',
28 silly addNameRange     '5.6.14' ] ]
29 verbose addNamed [ 'babel', '5.6.14' ]
30 verbose addNamed [ '5.6.14', '5.6.14' ]
31 silly lockFile 0672eaf6-babel-5-6-14 babel@5.6.14
32 verbose lock babel@5.6.14 /Users/denglei/.npm/0672eaf6-babel-5-6-14.lock
33 silly lockFile 915a97a2-npmjs-org-babel-babel-5-6-14-tgz https://registry.npmjs.org/babel/-/babel-5.6.14.tgz
34 verbose lock https://registry.npmjs.org/babel/-/babel-5.6.14.tgz /Users/denglei/.npm/915a97a2-npmjs-org-babel-babel-5-6-14-tgz.lock
35 verbose addRemoteTarball [ 'https://registry.npmjs.org/babel/-/babel-5.6.14.tgz',
35 verbose addRemoteTarball   'c3d4f88fbbbf07fa4c390180ffd427da562ec4db' ]
36 info retry fetch attempt 1 at 16:38:29
37 verbose fetch to= /var/folders/1b/zrb4zjd14y36xnmqmngbncm80000gn/T/npm-4936-ClN4A38B/registry.npmjs.org/babel/-/babel-5.6.14.tgz
38 http GET https://registry.npmjs.org/babel/-/babel-5.6.14.tgz
39 http 200 https://registry.npmjs.org/babel/-/babel-5.6.14.tgz
40 silly lockFile 915a97a2-npmjs-org-babel-babel-5-6-14-tgz https://registry.npmjs.org/babel/-/babel-5.6.14.tgz
41 silly lockFile 915a97a2-npmjs-org-babel-babel-5-6-14-tgz https://registry.npmjs.org/babel/-/babel-5.6.14.tgz
42 silly lockFile 0672eaf6-babel-5-6-14 babel@5.6.14
43 silly lockFile 0672eaf6-babel-5-6-14 babel@5.6.14
44 silly lockFile 8d1f9cea-babel babel@
45 silly lockFile 8d1f9cea-babel babel@
46 silly resolved [ { name: 'babel',
46 silly resolved     description: 'Turn ES6 code into readable vanilla ES5 with source maps',
46 silly resolved     author: { name: 'Sebastian McKenzie', email: 'sebmck@gmail.com' },
46 silly resolved     homepage: 'https://babeljs.io/',
46 silly resolved     license: 'MIT',
46 silly resolved     repository: { type: 'git', url: 'git+https://github.com/babel/babel.git' },
46 silly resolved     preferGlobal: true,
46 silly resolved     dependencies:
46 silly resolved      { 'babel-core': '^5.6.14',
46 silly resolved        chokidar: '^1.0.0',
46 silly resolved        commander: '^2.6.0',
46 silly resolved        'convert-source-map': '^1.1.0',
46 silly resolved        'fs-readdir-recursive': '^0.1.0',
46 silly resolved        glob: '^5.0.5',
46 silly resolved        lodash: '^3.2.0',
46 silly resolved        'output-file-sync': '^1.1.0',
46 silly resolved        'path-exists': '^1.0.0',
46 silly resolved        'path-is-absolute': '^1.0.0',
46 silly resolved        'source-map': '^0.4.0',
46 silly resolved        slash: '^1.0.0' },
46 silly resolved     bin:
46 silly resolved      { babel: './bin/babel/index.js',
46 silly resolved        'babel-node': './bin/babel-node',
46 silly resolved        'babel-external-helpers': './bin/babel-external-helpers',
46 silly resolved        'babel-plugin': './bin/babel-plugin/index.js' },
46 silly resolved     version: '5.6.14',
46 silly resolved     bugs: { url: 'https://github.com/babel/babel/issues' },
46 silly resolved     _id: 'babel@5.6.14',
46 silly resolved     scripts: {},
46 silly resolved     _shasum: 'c3d4f88fbbbf07fa4c390180ffd427da562ec4db',
46 silly resolved     _from: 'babel@',
46 silly resolved     _npmVersion: '2.11.2',
46 silly resolved     _nodeVersion: '0.12.5',
46 silly resolved     _npmUser: { name: 'sebmck', email: 'sebmck@gmail.com' },
46 silly resolved     maintainers: [ [Object] ],
46 silly resolved     dist:
46 silly resolved      { shasum: 'c3d4f88fbbbf07fa4c390180ffd427da562ec4db',
46 silly resolved        tarball: 'http://registry.npmjs.org/babel/-/babel-5.6.14.tgz' },
46 silly resolved     directories: {},
46 silly resolved     _resolved: 'https://registry.npmjs.org/babel/-/babel-5.6.14.tgz' } ]
47 info install babel@5.6.14 into /usr/local/lib
48 info installOne babel@5.6.14
49 verbose lib/node_modules/babel unbuild
50 verbose tar unpack /Users/denglei/.npm/babel/5.6.14/package.tgz
51 silly lockFile e23af4e5-usr-local-lib-node-modules-babel tar:///usr/local/lib/node_modules/babel
52 verbose lock tar:///usr/local/lib/node_modules/babel /Users/denglei/.npm/e23af4e5-usr-local-lib-node-modules-babel.lock
53 silly lockFile 2247c9bd-lei-npm-babel-5-6-14-package-tgz tar:///Users/denglei/.npm/babel/5.6.14/package.tgz
54 verbose lock tar:///Users/denglei/.npm/babel/5.6.14/package.tgz /Users/denglei/.npm/2247c9bd-lei-npm-babel-5-6-14-package-tgz.lock
55 silly gunzTarPerm modes [ '755', '644' ]
56 error Error: EACCES, mkdir '/usr/local/lib/node_modules/babel'
56 error  { [Error: EACCES, mkdir '/usr/local/lib/node_modules/babel']
56 error   errno: 3,
56 error   code: 'EACCES',
56 error   path: '/usr/local/lib/node_modules/babel',
56 error   fstream_type: 'Directory',
56 error   fstream_path: '/usr/local/lib/node_modules/babel',
56 error   fstream_class: 'DirWriter',
56 error   fstream_stack:
56 error    [ '/usr/local/lib/node_modules/npm/node_modules/fstream/lib/dir-writer.js:36:23',
56 error      '/usr/local/lib/node_modules/npm/node_modules/mkdirp/index.js:46:53',
56 error      'Object.oncomplete (fs.js:108:15)' ] }
57 error Please try running this command again as root/Administrator.
58 error System Darwin 14.3.0
59 error command "node" "/usr/local/bin/npm" "install" "--global" "babel"
60 error cwd /Users/denglei/WebstormProjects/dailyPractise/es6
61 error node -v v0.10.36
62 error npm -v 1.4.28
63 error path /usr/local/lib/node_modules/babel
64 error fstream_path /usr/local/lib/node_modules/babel
65 error fstream_type Directory
66 error fstream_class DirWriter
67 error code EACCES
68 error errno 3
69 error stack Error: EACCES, mkdir '/usr/local/lib/node_modules/babel'
70 error fstream_stack /usr/local/lib/node_modules/npm/node_modules/fstream/lib/dir-writer.js:36:23
70 error fstream_stack /usr/local/lib/node_modules/npm/node_modules/mkdirp/index.js:46:53
70 error fstream_stack Object.oncomplete (fs.js:108:15)
71 verbose exit [ 3, true ]
